<?xml version="1.0" encoding="UTF-8"?>
<!-- Generated by org.testng.reporters.JUnitReportReporter -->
<testsuite hostname="UmaAshokPrabhu" failures="0" tests="2" name="runner.RunCuke" time="159.525" errors="0" timestamp="01 Apr 2021 14:34:46 GMT" skipped="0">
  <testcase classname="runner.RunCuke" name="feature" time="51.845"/>
  <testcase classname="runner.RunCuke" name="feature" time="107.680"/>
</testsuite> <!-- runner.RunCuke -->
